<?xml version="1.0" encoding="UTF-8"?>
<coverage generated="1777337497455" clover="3.2.0">
  <project timestamp="1777337497455" name="All files">
    <metrics statements="15" coveredstatements="15" conditionals="4" coveredconditionals="3" methods="4" coveredmethods="4" elements="23" coveredelements="22" complexity="0" loc="15" ncloc="15" packages="1" files="1" classes="1"/>
    <file name="saveUser.ts" path="C:\Users\talit\OneDrive\Área de Trabalho\Linguagem de Programação Aplicada\task\bookmark-manager\src\saveUser.ts">
      <metrics statements="15" coveredstatements="15" conditionals="4" coveredconditionals="3" methods="4" coveredmethods="4"/>
      <line num="5" count="1" type="stmt"/>
      <line num="17" count="36" type="cond" truecount="1" falsecount="1"/>
      <line num="21" count="18" type="stmt"/>
      <line num="22" count="18" type="stmt"/>
      <line num="23" count="3" type="stmt"/>
      <line num="25" count="16" type="stmt"/>
      <line num="30" count="18" type="stmt"/>
      <line num="34" count="31" type="stmt"/>
      <line num="36" count="31" type="cond" truecount="2" falsecount="0"/>
      <line num="37" count="13" type="stmt"/>
      <line num="40" count="18" type="stmt"/>
      <line num="41" count="18" type="stmt"/>
      <line num="42" count="18" type="stmt"/>
      <line num="43" count="18" type="stmt"/>
      <line num="45" count="18" type="stmt"/>
    </file>
  </project>
</coverage>
