{"C:\\Users\\talit\\OneDrive\\Área de Trabalho\\Linguagem de Programação Aplicada\\task\\bookmark-manager\\src\\saveUser.ts": {"path":"C:\\Users\\talit\\OneDrive\\Área de Trabalho\\Linguagem de Programação Aplicada\\task\\bookmark-manager\\src\\saveUser.ts","statementMap":{"0":{"start":{"line":5,"column":19},"end":{"line":8,"column":2}},"1":{"start":{"line":17,"column":2},"end":{"line":17,"column":50}},"2":{"start":{"line":21,"column":2},"end":{"line":26,"column":3}},"3":{"start":{"line":22,"column":16},"end":{"line":22,"column":57}},"4":{"start":{"line":23,"column":4},"end":{"line":23,"column":37}},"5":{"start":{"line":25,"column":4},"end":{"line":25,"column":14}},"6":{"start":{"line":30,"column":2},"end":{"line":30,"column":77}},"7":{"start":{"line":34,"column":17},"end":{"line":34,"column":44}},"8":{"start":{"line":36,"column":2},"end":{"line":38,"column":3}},"9":{"start":{"line":37,"column":4},"end":{"line":37,"column":59}},"10":{"start":{"line":40,"column":21},"end":{"line":40,"column":53}},"11":{"start":{"line":41,"column":16},"end":{"line":41,"column":33}},"12":{"start":{"line":42,"column":2},"end":{"line":42,"column":19}},"13":{"start":{"line":43,"column":2},"end":{"line":43,"column":28}},"14":{"start":{"line":45,"column":2},"end":{"line":45,"column":33}}},"fnMap":{"0":{"name":"getFilePath","decl":{"start":{"line":16,"column":9},"end":{"line":16,"column":20}},"loc":{"start":{"line":16,"column":20},"end":{"line":18,"column":1}}},"1":{"name":"loadUsers","decl":{"start":{"line":20,"column":15},"end":{"line":20,"column":24}},"loc":{"start":{"line":20,"column":24},"end":{"line":27,"column":1}}},"2":{"name":"persistUsers","decl":{"start":{"line":29,"column":15},"end":{"line":29,"column":27}},"loc":{"start":{"line":29,"column":41},"end":{"line":31,"column":1}}},"3":{"name":"saveUser","decl":{"start":{"line":33,"column":22},"end":{"line":33,"column":30}},"loc":{"start":{"line":33,"column":45},"end":{"line":46,"column":1}}}},"branchMap":{"0":{"loc":{"start":{"line":17,"column":9},"end":{"line":17,"column":49}},"type":"binary-expr","locations":[{"start":{"line":17,"column":9},"end":{"line":17,"column":31}},{"start":{"line":17,"column":35},"end":{"line":17,"column":49}}]},"1":{"loc":{"start":{"line":36,"column":2},"end":{"line":38,"column":3}},"type":"if","locations":[{"start":{"line":36,"column":2},"end":{"line":38,"column":3}},{"start":{},"end":{}}]}},"s":{"0":1,"1":36,"2":18,"3":18,"4":3,"5":16,"6":18,"7":31,"8":31,"9":13,"10":18,"11":18,"12":18,"13":18,"14":18},"f":{"0":36,"1":18,"2":18,"3":31},"b":{"0":[36,0],"1":[13,18]}}
}
